
> tucsenberg-web-frontier@0.1.0 build /Users/Data/Warehouse/Focus/tucsenberg-web-frontier
> next build

   ▲ Next.js 15.5.4
   - Environments: .env.local
   - Experiments (use with caution):
     ⨯ testProxy
     · clientTraceMetadata
     · optimizePackageImports

   Creating an optimized production build ...
Webpack Bundle Analyzer saved report to /Users/Data/Warehouse/Focus/tucsenberg-web-frontier/.next/analyze/nodejs.html

No bundles were parsed. Analyzer will show only original module sizes from stats file.

Webpack Bundle Analyzer saved report to /Users/Data/Warehouse/Focus/tucsenberg-web-frontier/.next/analyze/edge.html
Webpack Bundle Analyzer saved report to /Users/Data/Warehouse/Focus/tucsenberg-web-frontier/.next/analyze/client.html
 ✓ Compiled successfully in 16.9s
   Skipping linting
   Checking validity of types ...
   Collecting page data ...
   Generating static pages (0/16) ...
   Generating static pages (4/16) 
   Generating static pages (8/16) 
   Generating static pages (12/16) 
 ✓ Generating static pages (16/16)
   Finalizing page optimization ...
   Collecting build traces ...

Route (app)                                 Size  First Load JS  Revalidate  Expire
┌ ƒ /                                      342 B         252 kB
├ ƒ /_not-found                            406 B         252 kB
├ ● /[locale]                            24.2 kB         320 kB          1h      1y
├   ├ /en                                                                1h      1y
├   └ /zh                                                                1h      1y
├ ƒ /[locale]/about                        320 B         293 kB
├ ƒ /[locale]/accessibility-test         6.62 kB         299 kB
├ ƒ /[locale]/blog                         320 B         293 kB
├ ƒ /[locale]/contact                    3.94 kB         293 kB
├ ƒ /[locale]/products                     318 B         293 kB
├ ƒ /api/analytics/i18n                    342 B         252 kB
├ ƒ /api/analytics/web-vitals              342 B         252 kB
├ ƒ /api/contact                           342 B         252 kB
├ ƒ /api/csp-report                        342 B         252 kB
├ ƒ /api/monitoring/dashboard              342 B         252 kB
├ ƒ /api/subscribe                         342 B         252 kB
├ ƒ /api/test-content                      342 B         252 kB
├ ƒ /api/verify-turnstile                  341 B         252 kB
├ ƒ /api/whatsapp/send                     342 B         252 kB
├ ƒ /api/whatsapp/webhook                  341 B         252 kB
├ ƒ /error-test                          1.85 kB         253 kB
└ ƒ /test-mdx                              390 B         252 kB
+ First Load JS shared by all             252 kB
  ├ chunks/0a4bdfb2-5100464d59c6e182.js  54.4 kB
  ├ chunks/vendors-8e81faa2970cf673.js    194 kB
  └ other shared chunks (total)          4.08 kB


●  (SSG)      prerendered as static HTML (uses generateStaticParams)
ƒ  (Dynamic)  server-rendered on demand

