
> tucsenberg-web-frontier@0.1.0 size:check /Users/Data/Warehouse/Focus/tucsenberg-web-frontier
> size-limit

- Adding to empty webpack project
✔ Adding to empty webpack project
- Running JS in headless Chrome
✔ Running JS in headless Chrome
  
  Framework Bundle
  Size limit:   200 kB
  Size:         49.53 kB with all dependencies, minified and brotlied
  Loading time: 968 ms   on slow 3G
  
  Main App Bundle
  Size limit:   10 kB
  Size:         1.01 kB with all dependencies, minified and brotlied
  Loading time: 20 ms   on slow 3G
  
  Main Bundle
  Size limit:   10 kB
  Size:         1.93 kB with all dependencies, minified and brotlied
  Loading time: 38 ms   on slow 3G
  
  Polyfills Bundle
  Size limit:   120 kB
  Size:         35.16 kB with all dependencies, minified and brotlied
  Loading time: 687 ms   on slow 3G
  
  Webpack Runtime
  Size limit:   10 kB
  Size:         2.02 kB with all dependencies, minified and brotlied
  Loading time: 40 ms   on slow 3G
  
  Sentry Bundle
  Size Limit can’t find files at .next/static/chunks/sentry-*.js
  Vendors Bundle
  Size limit:   200 kB
  Size:         114 kB with all dependencies, minified and brotlied
  Loading time: 2.3 s  on slow 3G
  
  Radix UI Bundle
  Size limit:   80 kB
  Size:         18.19 kB with all dependencies, minified and brotlied
  Loading time: 356 ms   on slow 3G
  
  UI Libs Bundle
  Size limit:   50 kB
  Size:         10.41 kB with all dependencies, minified and brotlied
  Loading time: 204 ms   on slow 3G
  
  Utils Bundle
  Size limit:   35 kB
  Size:         7.28 kB with all dependencies, minified and brotlied
  Loading time: 143 ms  on slow 3G
  
  Next.js Libs Bundle
  Size limit:   25 kB
  Size:         5.38 kB with all dependencies, minified and brotlied
  Loading time: 106 ms  on slow 3G
  
  Lucide Icons Bundle
  Size limit:   15 kB
  Size:         2.9 kB with all dependencies, minified and brotlied
  Loading time: 57 ms  on slow 3G
  
  Anonymous Shared Chunks
  Size limit:   180 kB
  Size:         124.78 kB with all dependencies, minified and brotlied
  Loading time: 2.5 s     on slow 3G
  
  Locale Page Bundle
  Size limit:   15 kB
  Size:         13.41 kB with all dependencies, minified and brotlied
  Loading time: 262 ms   on slow 3G
  
  Total CSS Bundle
  Size limit:   50 kB
  Size:         15.18 kB with all dependencies, minified and brotlied
  Loading time: 297 ms   on slow 3G
  
 ELIFECYCLE  Command failed with exit code 1.
